2025-08-06 14:18:07,141 - __main__ - INFO - Initializing Trading Bot...
2025-08-06 14:18:07,142 - __main__ - WARNING - Model file trading_model.pkl not found
2025-08-06 14:18:07,142 - __main__ - INFO - Loading data for symbols: ['AAPL', 'GOOGL', 'MSFT', 'TSLA', 'NVDA', 'AMZN', 'META', 'NFLX']
2025-08-06 14:18:14,219 - __main__ - INFO - Retrieved 502 records for TSLA
2025-08-06 14:18:14,225 - __main__ - INFO - Retrieved 502 records for NVDA
2025-08-06 14:18:14,232 - __main__ - INFO - Retrieved 502 records for GOOGL
2025-08-06 14:18:14,240 - __main__ - INFO - Retrieved 502 records for AAPL
2025-08-06 14:18:14,408 - __main__ - INFO - Retrieved 502 records for MSFT
2025-08-06 14:18:14,837 - __main__ - INFO - Retrieved 502 records for META
2025-08-06 14:18:15,070 - __main__ - INFO - Retrieved 502 records for AMZN
2025-08-06 14:18:15,075 - __main__ - INFO - Retrieved 502 records for NFLX
2025-08-06 14:18:15,077 - __main__ - INFO - Training initial ML model...
2025-08-06 14:18:15,293 - __main__ - WARNING - Insufficient data for reliable training
2025-08-06 14:18:15,293 - __main__ - ERROR - Cannot save untrained model
2025-08-06 14:18:15,294 - __main__ - INFO - Trading Bot initialized successfully!
2025-08-06 14:18:15,294 - __main__ - INFO - Starting trading bot (update every 300 seconds)...
2025-08-06 14:18:15,294 - __main__ - INFO - Starting trading cycle...
2025-08-06 14:18:15,689 - __main__ - INFO - Retrieved 125 records for GOOGL
2025-08-06 14:18:15,747 - __main__ - INFO - Retrieved 125 records for NVDA
2025-08-06 14:18:15,776 - __main__ - INFO - Retrieved 125 records for TSLA
2025-08-06 14:18:15,781 - __main__ - INFO - Retrieved 125 records for MSFT
2025-08-06 14:18:15,804 - __main__ - INFO - Retrieved 125 records for AAPL
2025-08-06 14:18:15,953 - __main__ - INFO - Retrieved 125 records for AMZN
2025-08-06 14:18:16,003 - __main__ - INFO - Retrieved 125 records for NFLX
2025-08-06 14:18:16,213 - __main__ - INFO - Retrieved 125 records for META
2025-08-06 14:18:16,235 - __main__ - ERROR - Model not trained yet
2025-08-06 14:18:16,256 - __main__ - ERROR - Model not trained yet
2025-08-06 14:18:16,281 - __main__ - ERROR - Model not trained yet
2025-08-06 14:18:16,308 - __main__ - ERROR - Model not trained yet
2025-08-06 14:18:16,332 - __main__ - ERROR - Model not trained yet
2025-08-06 14:18:16,359 - __main__ - ERROR - Model not trained yet
2025-08-06 14:18:16,384 - __main__ - ERROR - Model not trained yet
2025-08-06 14:18:16,406 - __main__ - ERROR - Model not trained yet
2025-08-06 14:18:16,406 - __main__ - INFO - No signals generated this cycle
2025-08-06 14:18:16,407 - __main__ - INFO - Portfolio Status: 0 positions, Unrealized P&L: $0.00
2025-08-06 14:23:16,407 - __main__ - INFO - Starting trading cycle...
2025-08-06 14:23:16,949 - __main__ - INFO - Retrieved 125 records for GOOGL
2025-08-06 14:23:16,988 - __main__ - INFO - Retrieved 125 records for NVDA
2025-08-06 14:23:17,015 - __main__ - INFO - Retrieved 125 records for AAPL
2025-08-06 14:23:17,182 - __main__ - INFO - Retrieved 125 records for TSLA
2025-08-06 14:23:17,203 - __main__ - INFO - Retrieved 125 records for AMZN
2025-08-06 14:23:17,271 - __main__ - INFO - Retrieved 125 records for NFLX
2025-08-06 14:23:17,299 - __main__ - INFO - Retrieved 125 records for META
2025-08-06 14:23:17,304 - __main__ - INFO - Retrieved 125 records for MSFT
2025-08-06 14:23:17,353 - __main__ - ERROR - Model not trained yet
2025-08-06 14:23:17,393 - __main__ - ERROR - Model not trained yet
2025-08-06 14:23:17,439 - __main__ - ERROR - Model not trained yet
2025-08-06 14:23:17,491 - __main__ - ERROR - Model not trained yet
2025-08-06 14:23:17,535 - __main__ - ERROR - Model not trained yet
2025-08-06 14:23:17,579 - __main__ - ERROR - Model not trained yet
2025-08-06 14:23:17,622 - __main__ - ERROR - Model not trained yet
2025-08-06 14:23:17,664 - __main__ - ERROR - Model not trained yet
2025-08-06 14:23:17,666 - __main__ - INFO - No signals generated this cycle
2025-08-06 14:23:17,666 - __main__ - INFO - Portfolio Status: 0 positions, Unrealized P&L: $0.00
2025-08-06 14:23:47,201 - __main__ - INFO - Received interrupt signal, stopping bot...
2025-08-06 14:23:47,201 - __main__ - INFO - Trading bot stopped
2025-08-06 14:31:08,194 - __main__ - INFO - Initializing Trading Bot...
2025-08-06 14:31:08,194 - __main__ - WARNING - Model file trading_model.pkl not found
2025-08-06 14:31:08,195 - __main__ - INFO - Loading data for symbols: ['AAPL', 'GOOGL', 'MSFT', 'TSLA', 'NVDA', 'AMZN', 'META', 'NFLX']
2025-08-06 14:31:10,091 - __main__ - INFO - Retrieved 502 records for GOOGL
2025-08-06 14:31:10,126 - __main__ - INFO - Retrieved 502 records for TSLA
2025-08-06 14:31:10,136 - __main__ - INFO - Retrieved 502 records for MSFT
2025-08-06 14:31:10,214 - __main__ - INFO - Retrieved 502 records for NVDA
2025-08-06 14:31:10,234 - __main__ - INFO - Retrieved 502 records for AAPL
2025-08-06 14:31:10,457 - __main__ - INFO - Retrieved 502 records for NFLX
2025-08-06 14:31:10,464 - __main__ - INFO - Retrieved 502 records for AMZN
2025-08-06 14:31:10,524 - __main__ - INFO - Retrieved 502 records for META
2025-08-06 14:31:10,528 - __main__ - INFO - Training initial ML model...
2025-08-06 14:31:10,750 - __main__ - WARNING - Insufficient data for reliable training
2025-08-06 14:31:10,751 - __main__ - ERROR - Cannot save untrained model
2025-08-06 14:31:10,751 - __main__ - INFO - Trading Bot initialized successfully!
2025-08-06 14:31:10,752 - __main__ - INFO - Starting trading bot (update every 300 seconds)...
2025-08-06 14:31:10,752 - __main__ - INFO - Starting trading cycle...
2025-08-06 14:31:11,412 - __main__ - INFO - Retrieved 125 records for GOOGL
2025-08-06 14:31:11,427 - __main__ - INFO - Retrieved 125 records for MSFT
2025-08-06 14:31:11,448 - __main__ - INFO - Retrieved 125 records for TSLA
2025-08-06 14:31:11,464 - __main__ - INFO - Retrieved 125 records for NVDA
2025-08-06 14:31:11,481 - __main__ - INFO - Retrieved 125 records for AAPL
2025-08-06 14:31:11,723 - __main__ - INFO - Retrieved 125 records for AMZN
2025-08-06 14:31:11,735 - __main__ - INFO - Retrieved 125 records for META
2025-08-06 14:31:11,757 - __main__ - INFO - Retrieved 125 records for NFLX
2025-08-06 14:31:11,782 - __main__ - ERROR - Model not trained yet
2025-08-06 14:31:11,809 - __main__ - ERROR - Model not trained yet
2025-08-06 14:31:11,835 - __main__ - ERROR - Model not trained yet
2025-08-06 14:31:11,858 - __main__ - ERROR - Model not trained yet
2025-08-06 14:31:11,881 - __main__ - ERROR - Model not trained yet
2025-08-06 14:31:11,902 - __main__ - ERROR - Model not trained yet
2025-08-06 14:31:11,935 - __main__ - ERROR - Model not trained yet
2025-08-06 14:31:11,958 - __main__ - ERROR - Model not trained yet
2025-08-06 14:31:11,959 - __main__ - INFO - No signals generated this cycle
2025-08-06 14:31:11,959 - __main__ - INFO - Portfolio Status: 0 positions, Unrealized P&L: $0.00
2025-08-06 14:31:40,667 - __main__ - INFO - Received interrupt signal, stopping bot...
2025-08-06 14:31:40,667 - __main__ - INFO - Trading bot stopped
